  Source.cpp
c:\users\tingk\desktop\cityu\summer_2020_2021\codeforce2021\codeforce20210604\substringsearch\source.cpp(77): warning C4068: unknown pragma
c:\users\tingk\desktop\cityu\summer_2020_2021\codeforce2021\codeforce20210604\substringsearch\source.cpp(78): warning C4068: unknown pragma
c:\users\tingk\desktop\cityu\summer_2020_2021\codeforce2021\codeforce20210604\substringsearch\source.cpp(79): warning C4068: unknown pragma
c:\users\tingk\desktop\cityu\summer_2020_2021\codeforce2021\codeforce20210604\substringsearch\source.cpp(118): warning C4244: 'argument': conversion from '__int64' to 'const unsigned int', possible loss of data
c:\users\tingk\desktop\cityu\summer_2020_2021\codeforce2021\codeforce20210604\substringsearch\source.cpp(121): warning C4244: 'argument': conversion from 'const _Ty' to 'const unsigned int', possible loss of data
          with
          [
              _Ty=__int64
          ]
c:\users\tingk\desktop\cityu\summer_2020_2021\codeforce2021\codeforce20210604\substringsearch\source.cpp(123): warning C4244: 'argument': conversion from '__int64' to 'const unsigned int', possible loss of data
c:\users\tingk\desktop\cityu\summer_2020_2021\codeforce2021\codeforce20210604\substringsearch\source.cpp(124): warning C4244: 'argument': conversion from '__int64' to 'const unsigned int', possible loss of data
c:\users\tingk\desktop\cityu\summer_2020_2021\codeforce2021\codeforce20210604\substringsearch\source.cpp(124): warning C4244: 'argument': conversion from '_Ty' to 'const unsigned int', possible loss of data
          with
          [
              _Ty=__int64
          ]
c:\users\tingk\desktop\cityu\summer_2020_2021\codeforce2021\codeforce20210604\substringsearch\source.cpp(126): warning C4244: 'argument': conversion from '_Ty' to 'const unsigned int', possible loss of data
          with
          [
              _Ty=__int64
          ]
c:\users\tingk\desktop\cityu\summer_2020_2021\codeforce2021\codeforce20210604\substringsearch\source.cpp(130): warning C4244: 'argument': conversion from '__int64' to 'const unsigned int', possible loss of data
c:\users\tingk\desktop\cityu\summer_2020_2021\codeforce2021\codeforce20210604\substringsearch\source.cpp(130): warning C4244: 'argument': conversion from '_Ty' to 'const unsigned int', possible loss of data
          with
          [
              _Ty=__int64
          ]
c:\users\tingk\desktop\cityu\summer_2020_2021\codeforce2021\codeforce20210604\substringsearch\source.cpp(131): warning C4244: 'argument': conversion from '__int64' to 'const unsigned int', possible loss of data
c:\users\tingk\desktop\cityu\summer_2020_2021\codeforce2021\codeforce20210604\substringsearch\source.cpp(131): warning C4244: 'argument': conversion from '_Ty' to 'const unsigned int', possible loss of data
          with
          [
              _Ty=__int64
          ]
c:\users\tingk\desktop\cityu\summer_2020_2021\codeforce2021\codeforce20210604\substringsearch\source.cpp(134): warning C4244: 'argument': conversion from '__int64' to 'const unsigned int', possible loss of data
c:\users\tingk\desktop\cityu\summer_2020_2021\codeforce2021\codeforce20210604\substringsearch\source.cpp(140): warning C4244: 'argument': conversion from '__int64' to 'const unsigned int', possible loss of data
c:\users\tingk\desktop\cityu\summer_2020_2021\codeforce2021\codeforce20210604\substringsearch\source.cpp(141): warning C4244: 'argument': conversion from '__int64' to 'const unsigned int', possible loss of data
c:\users\tingk\desktop\cityu\summer_2020_2021\codeforce2021\codeforce20210604\substringsearch\source.cpp(144): warning C4244: 'argument': conversion from '__int64' to 'const unsigned int', possible loss of data
c:\users\tingk\desktop\cityu\summer_2020_2021\codeforce2021\codeforce20210604\substringsearch\source.cpp(148): warning C4244: 'argument': conversion from '__int64' to 'const unsigned int', possible loss of data
c:\users\tingk\desktop\cityu\summer_2020_2021\codeforce2021\codeforce20210604\substringsearch\source.cpp(148): warning C4244: 'argument': conversion from '_Ty' to 'const unsigned int', possible loss of data
          with
          [
              _Ty=__int64
          ]
c:\users\tingk\desktop\cityu\summer_2020_2021\codeforce2021\codeforce20210604\substringsearch\source.cpp(150): warning C4244: 'argument': conversion from '__int64' to 'const unsigned int', possible loss of data
c:\users\tingk\desktop\cityu\summer_2020_2021\codeforce2021\codeforce20210604\substringsearch\source.cpp(154): warning C4244: 'argument': conversion from '__int64' to 'const unsigned int', possible loss of data
c:\users\tingk\desktop\cityu\summer_2020_2021\codeforce2021\codeforce20210604\substringsearch\source.cpp(154): warning C4244: 'argument': conversion from '_Ty' to 'const unsigned int', possible loss of data
          with
          [
              _Ty=__int64
          ]
c:\users\tingk\desktop\cityu\summer_2020_2021\codeforce2021\codeforce20210604\substringsearch\source.cpp(157): warning C4244: 'argument': conversion from '_Ty' to 'const unsigned int', possible loss of data
          with
          [
              _Ty=__int64
          ]
c:\users\tingk\desktop\cityu\summer_2020_2021\codeforce2021\codeforce20210604\substringsearch\source.cpp(162): warning C4244: 'argument': conversion from '__int64' to 'const unsigned int', possible loss of data
c:\users\tingk\desktop\cityu\summer_2020_2021\codeforce2021\codeforce20210604\substringsearch\source.cpp(162): warning C4244: 'argument': conversion from '_Ty' to 'const unsigned int', possible loss of data
          with
          [
              _Ty=__int64
          ]
c:\users\tingk\desktop\cityu\summer_2020_2021\codeforce2021\codeforce20210604\substringsearch\source.cpp(163): warning C4244: 'argument': conversion from '__int64' to 'const unsigned int', possible loss of data
c:\users\tingk\desktop\cityu\summer_2020_2021\codeforce2021\codeforce20210604\substringsearch\source.cpp(163): warning C4244: 'argument': conversion from '_Ty' to 'const unsigned int', possible loss of data
          with
          [
              _Ty=__int64
          ]
c:\users\tingk\desktop\cityu\summer_2020_2021\codeforce2021\codeforce20210604\substringsearch\source.cpp(166): warning C4244: 'argument': conversion from '__int64' to 'const unsigned int', possible loss of data
c:\users\tingk\desktop\cityu\summer_2020_2021\codeforce2021\codeforce20210604\substringsearch\source.cpp(166): warning C4244: 'argument': conversion from '_Ty' to 'const unsigned int', possible loss of data
          with
          [
              _Ty=__int64
          ]
c:\users\tingk\desktop\cityu\summer_2020_2021\codeforce2021\codeforce20210604\substringsearch\source.cpp(187): warning C4244: 'argument': conversion from '__int64' to 'const unsigned int', possible loss of data
c:\users\tingk\desktop\cityu\summer_2020_2021\codeforce2021\codeforce20210604\substringsearch\source.cpp(187): warning C4244: 'argument': conversion from '_Ty' to 'const unsigned int', possible loss of data
          with
          [
              _Ty=__int64
          ]
  SubStringSearch.vcxproj -> C:\Users\tingk\Desktop\CityU\Summer_2020_2021\CodeForce2021\CodeForce20210604\Debug\SubStringSearch.exe
